<?xml version="1.0" encoding="UTF-8"?>
<!-- Generated by org.testng.reporters.JUnitReportReporter -->
<testsuite hostname="Ankush" failures="0" tests="1" name="RestApi.GET_API" time="2.521" errors="0" timestamp="2022-06-24T14:08:19 IST" skipped="0">
  <testcase classname="RestApi.GET_API" name="GET_api" time="2.521"/>
  <system-out/>
</testsuite> <!-- RestApi.GET_API -->
