<?xml version="1.0" encoding="UTF-8"?>
<!-- Generated by org.testng.reporters.JUnitReportReporter -->
<testsuite hostname="Ankush" failures="0" tests="1" name="RestApi.NewTest" time="20.823" errors="0" timestamp="2022-06-24T08:49:46 IST" skipped="0">
  <testcase classname="RestApi.NewTest" name="verifyTestNg" time="20.823"/>
  <system-out/>
</testsuite> <!-- RestApi.NewTest -->
